<?xml version="1.0" encoding="UTF-8"?>
<!-- Generated by org.testng.reporters.JUnitReportReporter -->
<testsuite hostname="LAPTOP-BBV4M2VF" failures="0" tests="1" name="com.mycompany.app.AppiumTest" time="0.008" errors="0" timestamp="2020-07-06T02:06:15 IST" skipped="0">
  <testcase classname="com.mycompany.app.AppiumTest" name="random" time="0.008"/>
</testsuite> <!-- com.mycompany.app.AppiumTest -->
