<?xml version="1.0" encoding="UTF-8"?>
<!-- Generated by org.testng.reporters.JUnitReportReporter -->
<testsuite hostname="LAPTOP-BBV4M2VF" failures="0" tests="1" name="com.mycompany.app.SeleniumTest" time="0.001" errors="0" timestamp="2020-07-06T01:49:19 IST" skipped="0">
  <testcase classname="com.mycompany.app.SeleniumTest" name="selinumTest" time="0.001"/>
</testsuite> <!-- com.mycompany.app.SeleniumTest -->
