<?xml version="1.0" encoding="UTF-8"?>
<!-- Generated by org.testng.reporters.JUnitReportReporter -->
<testsuite hostname="LAPTOP-BBV4M2VF" failures="0" tests="1" name="com.mycompany.app.ExcelDrivenTesting" time="0.612" errors="0" timestamp="2020-03-08T01:48:12 IST" skipped="0">
  <testcase classname="com.mycompany.app.ExcelDrivenTesting" name="excelData" time="0.612"/>
</testsuite> <!-- com.mycompany.app.ExcelDrivenTesting -->
